2022-07-15 10:50:32.6005|0|DEBUG|MovieStub.Web.Program|init main 
2022-07-15 10:50:34.1755|0|INFO|Microsoft.Hosting.Lifetime|Application started. Press Ctrl+C to shut down. 
2022-07-15 10:50:34.1832|0|INFO|Microsoft.Hosting.Lifetime|Hosting environment: Development 
2022-07-15 10:50:34.1832|0|INFO|Microsoft.Hosting.Lifetime|Content root path: C:\Users\ivili\Desktop\Apps and Tests\HomeWork\MovieStub\MovieStub\MovieStub.Web 
2022-07-15 10:50:41.0698|0|INFO|MovieStub.Web.Controllers.MoviesController|User Request -> Get All Movies! 
2022-07-15 10:50:43.7486|0|INFO|MovieStub.Web.Controllers.MoviesController|User Request -> Add Movie in ShoppingCart and save changes in Db! 
2022-07-15 10:50:43.9358|0|INFO|MovieStub.Web.Controllers.MoviesController|User Request -> Get All Movies! 
2022-07-15 10:50:44.7321|0|INFO|MovieStub.Web.Controllers.MoviesController|User Request -> Get edit form for Movie! 
2022-07-15 10:50:49.6832|0|INFO|MovieStub.Web.Controllers.MoviesController|User Request -> Update Movie in Db! 
2022-07-15 10:50:49.7118|0|INFO|MovieStub.Web.Controllers.MoviesController|User Request -> Get All Movies! 
2022-07-15 12:12:48.1688|0|DEBUG|MovieStub.Web.Program|init main 
2022-07-15 12:12:50.0982|0|INFO|Microsoft.Hosting.Lifetime|Application started. Press Ctrl+C to shut down. 
2022-07-15 12:12:50.0982|0|INFO|Microsoft.Hosting.Lifetime|Hosting environment: Development 
2022-07-15 12:12:50.0982|0|INFO|Microsoft.Hosting.Lifetime|Content root path: C:\Users\ivili\Desktop\Apps and Tests\HomeWork\MovieStub\MovieStub\MovieStub.Web 
2022-07-15 12:35:34.0410|0|DEBUG|MovieStub.Web.Program|init main 
2022-07-15 12:35:35.8398|0|INFO|Microsoft.Hosting.Lifetime|Application started. Press Ctrl+C to shut down. 
2022-07-15 12:35:35.8398|0|INFO|Microsoft.Hosting.Lifetime|Hosting environment: Development 
2022-07-15 12:35:35.8398|0|INFO|Microsoft.Hosting.Lifetime|Content root path: C:\Users\ivili\Desktop\Apps and Tests\HomeWork\MovieStub\MovieStub\MovieStub.Web 
2022-07-15 12:38:13.9035|0|DEBUG|MovieStub.Web.Program|init main 
2022-07-15 12:38:15.5064|0|INFO|Microsoft.Hosting.Lifetime|Application started. Press Ctrl+C to shut down. 
2022-07-15 12:38:15.5144|0|INFO|Microsoft.Hosting.Lifetime|Hosting environment: Development 
2022-07-15 12:38:15.5144|0|INFO|Microsoft.Hosting.Lifetime|Content root path: C:\Users\ivili\Desktop\Apps and Tests\HomeWork\MovieStub\MovieStub\MovieStub.Web 
2022-07-15 13:24:40.5356|0|DEBUG|MovieStub.Web.Program|init main 
2022-07-15 13:24:42.6980|0|INFO|Microsoft.Hosting.Lifetime|Application started. Press Ctrl+C to shut down. 
2022-07-15 13:24:42.7015|0|INFO|Microsoft.Hosting.Lifetime|Hosting environment: Development 
2022-07-15 13:24:42.7015|0|INFO|Microsoft.Hosting.Lifetime|Content root path: C:\Users\ivili\Desktop\Apps and Tests\HomeWork\MovieStub\MovieStub\MovieStub.Web 
2022-07-15 13:30:00.6560|0|DEBUG|MovieStub.Web.Program|init main 
2022-07-15 13:30:02.0410|0|INFO|Microsoft.Hosting.Lifetime|Application started. Press Ctrl+C to shut down. 
2022-07-15 13:30:02.0437|0|INFO|Microsoft.Hosting.Lifetime|Hosting environment: Development 
2022-07-15 13:30:02.0437|0|INFO|Microsoft.Hosting.Lifetime|Content root path: C:\Users\ivili\Desktop\Apps and Tests\HomeWork\MovieStub\MovieStub\MovieStub.Web 
2022-07-15 13:42:28.7183|0|DEBUG|MovieStub.Web.Program|init main 
2022-07-15 13:42:31.0687|0|INFO|Microsoft.Hosting.Lifetime|Application started. Press Ctrl+C to shut down. 
2022-07-15 13:42:31.0687|0|INFO|Microsoft.Hosting.Lifetime|Hosting environment: Development 
2022-07-15 13:42:31.0760|0|INFO|Microsoft.Hosting.Lifetime|Content root path: C:\Users\ivili\Desktop\Apps and Tests\HomeWork\MovieStub\MovieStub\MovieStub.Web 
2022-07-15 13:50:46.0193|0|DEBUG|MovieStub.Web.Program|init main 
2022-07-15 13:50:47.9460|0|INFO|Microsoft.Hosting.Lifetime|Application started. Press Ctrl+C to shut down. 
2022-07-15 13:50:47.9460|0|INFO|Microsoft.Hosting.Lifetime|Hosting environment: Development 
2022-07-15 13:50:47.9516|0|INFO|Microsoft.Hosting.Lifetime|Content root path: C:\Users\ivili\Desktop\Apps and Tests\HomeWork\MovieStub\MovieStub\MovieStub.Web 
2022-07-15 14:06:24.2995|0|DEBUG|MovieStub.Web.Program|init main 
2022-07-15 14:06:26.1373|0|INFO|Microsoft.Hosting.Lifetime|Application started. Press Ctrl+C to shut down. 
2022-07-15 14:06:26.1373|0|INFO|Microsoft.Hosting.Lifetime|Hosting environment: Development 
2022-07-15 14:06:26.1373|0|INFO|Microsoft.Hosting.Lifetime|Content root path: C:\Users\ivili\Desktop\Apps and Tests\HomeWork\MovieStub\MovieStub\MovieStub.Web 
2022-07-15 14:11:47.6850|0|DEBUG|MovieStub.Web.Program|init main 
2022-07-15 14:11:50.6451|0|INFO|Microsoft.Hosting.Lifetime|Application started. Press Ctrl+C to shut down. 
2022-07-15 14:11:50.7155|0|INFO|Microsoft.Hosting.Lifetime|Hosting environment: Development 
2022-07-15 14:11:50.7155|0|INFO|Microsoft.Hosting.Lifetime|Content root path: C:\Users\ivili\Desktop\Apps and Tests\HomeWork\MovieStub\MovieStub\MovieStub.Web 
2022-07-15 14:16:23.4795|0|DEBUG|MovieStub.Web.Program|init main 
2022-07-15 14:16:26.1560|0|INFO|Microsoft.Hosting.Lifetime|Application started. Press Ctrl+C to shut down. 
2022-07-15 14:16:26.1560|0|INFO|Microsoft.Hosting.Lifetime|Hosting environment: Development 
2022-07-15 14:16:26.1560|0|INFO|Microsoft.Hosting.Lifetime|Content root path: C:\Users\ivili\Desktop\Apps and Tests\HomeWork\MovieStub\MovieStub\MovieStub.Web 
2022-07-15 14:18:47.6571|0|DEBUG|MovieStub.Web.Program|init main 
2022-07-15 14:18:49.2480|0|INFO|Microsoft.Hosting.Lifetime|Application started. Press Ctrl+C to shut down. 
2022-07-15 14:18:49.2480|0|INFO|Microsoft.Hosting.Lifetime|Hosting environment: Development 
2022-07-15 14:18:49.2480|0|INFO|Microsoft.Hosting.Lifetime|Content root path: C:\Users\ivili\Desktop\Apps and Tests\HomeWork\MovieStub\MovieStub\MovieStub.Web 
2022-07-15 14:19:42.8944|0|DEBUG|MovieStub.Web.Program|init main 
2022-07-15 14:19:45.1132|0|INFO|Microsoft.Hosting.Lifetime|Application started. Press Ctrl+C to shut down. 
2022-07-15 14:19:45.1132|0|INFO|Microsoft.Hosting.Lifetime|Hosting environment: Development 
2022-07-15 14:19:45.1227|0|INFO|Microsoft.Hosting.Lifetime|Content root path: C:\Users\ivili\Desktop\Apps and Tests\HomeWork\MovieStub\MovieStub\MovieStub.Web 
2022-07-15 14:30:13.3820|0|DEBUG|MovieStub.Web.Program|init main 
2022-07-15 14:30:15.6188|0|INFO|Microsoft.Hosting.Lifetime|Application started. Press Ctrl+C to shut down. 
2022-07-15 14:30:15.6210|0|INFO|Microsoft.Hosting.Lifetime|Hosting environment: Development 
2022-07-15 14:30:15.6210|0|INFO|Microsoft.Hosting.Lifetime|Content root path: C:\Users\ivili\Desktop\Apps and Tests\HomeWork\MovieStub\MovieStub\MovieStub.Web 
2022-07-15 14:45:35.5054|0|DEBUG|MovieStub.Web.Program|init main 
2022-07-15 14:45:37.2238|0|INFO|Microsoft.Hosting.Lifetime|Application started. Press Ctrl+C to shut down. 
2022-07-15 14:45:37.2238|0|INFO|Microsoft.Hosting.Lifetime|Hosting environment: Development 
2022-07-15 14:45:37.2304|0|INFO|Microsoft.Hosting.Lifetime|Content root path: C:\Users\ivili\Desktop\Apps and Tests\HomeWork\MovieStub\MovieStub\MovieStub.Web 
2022-07-15 15:00:04.3623|0|DEBUG|MovieStub.Web.Program|init main 
2022-07-15 15:00:05.8596|0|INFO|Microsoft.Hosting.Lifetime|Application started. Press Ctrl+C to shut down. 
2022-07-15 15:00:05.8596|0|INFO|Microsoft.Hosting.Lifetime|Hosting environment: Development 
2022-07-15 15:00:05.8596|0|INFO|Microsoft.Hosting.Lifetime|Content root path: C:\Users\ivili\Desktop\Apps and Tests\HomeWork\MovieStub\MovieStub\MovieStub.Web 
2022-07-15 15:04:01.3018|0|DEBUG|MovieStub.Web.Program|init main 
2022-07-15 15:04:02.9110|0|INFO|Microsoft.Hosting.Lifetime|Application started. Press Ctrl+C to shut down. 
2022-07-15 15:04:02.9110|0|INFO|Microsoft.Hosting.Lifetime|Hosting environment: Development 
2022-07-15 15:04:02.9201|0|INFO|Microsoft.Hosting.Lifetime|Content root path: C:\Users\ivili\Desktop\Apps and Tests\HomeWork\MovieStub\MovieStub\MovieStub.Web 
2022-07-15 15:08:52.9191|0|DEBUG|MovieStub.Web.Program|init main 
2022-07-15 15:08:54.8498|0|INFO|Microsoft.Hosting.Lifetime|Application started. Press Ctrl+C to shut down. 
2022-07-15 15:08:54.8498|0|INFO|Microsoft.Hosting.Lifetime|Hosting environment: Development 
2022-07-15 15:08:54.8567|0|INFO|Microsoft.Hosting.Lifetime|Content root path: C:\Users\ivili\Desktop\Apps and Tests\HomeWork\MovieStub\MovieStub\MovieStub.Web 
2022-07-15 15:17:15.2413|0|DEBUG|MovieStub.Web.Program|init main 
2022-07-15 15:17:16.7427|0|INFO|Microsoft.Hosting.Lifetime|Application started. Press Ctrl+C to shut down. 
2022-07-15 15:17:16.7427|0|INFO|Microsoft.Hosting.Lifetime|Hosting environment: Development 
2022-07-15 15:17:16.7478|0|INFO|Microsoft.Hosting.Lifetime|Content root path: C:\Users\ivili\Desktop\Apps and Tests\HomeWork\MovieStub\MovieStub\MovieStub.Web 
2022-07-15 15:22:28.8765|0|DEBUG|MovieStub.Web.Program|init main 
2022-07-15 15:22:30.3543|0|INFO|Microsoft.Hosting.Lifetime|Application started. Press Ctrl+C to shut down. 
2022-07-15 15:22:30.3561|0|INFO|Microsoft.Hosting.Lifetime|Hosting environment: Development 
2022-07-15 15:22:30.3561|0|INFO|Microsoft.Hosting.Lifetime|Content root path: C:\Users\ivili\Desktop\Apps and Tests\HomeWork\MovieStub\MovieStub\MovieStub.Web 
2022-07-15 15:22:42.0536|0|INFO|MovieStub.Web.Controllers.MoviesController|User Request -> Get All Movies! 
2022-07-15 15:22:47.2301|0|INFO|MovieStub.Web.Controllers.MoviesController|User Request -> Get All Movies! 
2022-07-15 15:22:48.2519|0|INFO|MovieStub.Web.Controllers.MoviesController|User Request -> Get edit form for Movie! 
2022-07-15 15:22:50.6862|0|INFO|MovieStub.Web.Controllers.MoviesController|User Request -> Get All Movies! 
2022-07-15 15:23:54.1029|0|DEBUG|MovieStub.Web.Program|init main 
2022-07-15 15:23:55.7256|0|INFO|Microsoft.Hosting.Lifetime|Application started. Press Ctrl+C to shut down. 
2022-07-15 15:23:55.7256|0|INFO|Microsoft.Hosting.Lifetime|Hosting environment: Development 
2022-07-15 15:23:55.7336|0|INFO|Microsoft.Hosting.Lifetime|Content root path: C:\Users\ivili\Desktop\Apps and Tests\HomeWork\MovieStub\MovieStub\MovieStub.Web 
2022-07-15 16:03:23.1331|0|DEBUG|MovieStub.Web.Program|init main 
2022-07-15 16:03:24.6896|0|INFO|Microsoft.Hosting.Lifetime|Application started. Press Ctrl+C to shut down. 
2022-07-15 16:03:24.6896|0|INFO|Microsoft.Hosting.Lifetime|Hosting environment: Development 
2022-07-15 16:03:24.6896|0|INFO|Microsoft.Hosting.Lifetime|Content root path: C:\Users\ivili\Desktop\Apps and Tests\HomeWork\MovieStub\MovieStub\MovieStub.Web 
2022-07-15 16:03:44.5307|0|INFO|MovieStub.Web.Controllers.MoviesController|User Request -> Get All Movies! 
2022-07-15 16:03:45.4690|0|INFO|MovieStub.Web.Controllers.MoviesController|User Request -> Get create form for Movie! 
2022-07-15 16:04:00.6941|0|INFO|MovieStub.Web.Controllers.MoviesController|User Request -> Insert Movie in Db! 
2022-07-15 16:04:00.7453|0|INFO|MovieStub.Web.Controllers.MoviesController|User Request -> Get All Movies! 
2022-07-15 16:04:01.8756|0|INFO|MovieStub.Web.Controllers.MoviesController|User Request -> Get create form for Movie! 
2022-07-15 16:04:25.8426|0|INFO|MovieStub.Web.Controllers.MoviesController|User Request -> Insert Movie in Db! 
2022-07-15 16:04:25.8868|0|INFO|MovieStub.Web.Controllers.MoviesController|User Request -> Get All Movies! 
2022-07-15 16:04:29.6418|0|INFO|MovieStub.Web.Controllers.MoviesController|User Request -> Get create form for Movie! 
2022-07-15 16:04:46.7363|0|INFO|MovieStub.Web.Controllers.MoviesController|User Request -> Insert Movie in Db! 
2022-07-15 16:04:46.7563|0|INFO|MovieStub.Web.Controllers.MoviesController|User Request -> Get All Movies! 
2022-07-15 16:05:16.9341|0|INFO|MovieStub.Web.Controllers.MoviesController|User Request -> Get edit form for Movie! 
2022-07-15 16:05:25.4237|0|INFO|MovieStub.Web.Controllers.MoviesController|User Request -> Get All Movies! 
2022-07-15 16:06:05.9595|0|INFO|MovieStub.Web.Controllers.MoviesController|User Request -> Add Movie in ShoppingCart and save changes in Db! 
2022-07-15 16:06:06.0913|0|INFO|MovieStub.Web.Controllers.MoviesController|User Request -> Get All Movies! 
2022-07-15 16:06:09.9279|0|INFO|MovieStub.Web.Controllers.MoviesController|User Request -> Add Movie in ShoppingCart and save changes in Db! 
2022-07-15 16:06:09.9670|0|INFO|MovieStub.Web.Controllers.MoviesController|User Request -> Get All Movies! 
2022-07-15 16:06:12.2030|0|INFO|MovieStub.Web.Controllers.MoviesController|User Request -> Add Movie in ShoppingCart and save changes in Db! 
2022-07-15 16:06:12.2251|0|INFO|MovieStub.Web.Controllers.MoviesController|User Request -> Get All Movies! 
2022-07-15 16:59:16.4630|0|DEBUG|MovieStub.Web.Program|init main 
2022-07-15 16:59:20.5610|0|INFO|Microsoft.Hosting.Lifetime|Application started. Press Ctrl+C to shut down. 
2022-07-15 16:59:20.5610|0|INFO|Microsoft.Hosting.Lifetime|Hosting environment: Development 
2022-07-15 16:59:20.5610|0|INFO|Microsoft.Hosting.Lifetime|Content root path: C:\Users\ivili\Desktop\Apps and Tests\HomeWork\MovieStub\MovieStub\MovieStub.Web 
2022-07-15 17:29:52.6634|0|DEBUG|MovieStub.Web.Program|init main 
2022-07-15 17:29:54.3677|0|INFO|Microsoft.Hosting.Lifetime|Application started. Press Ctrl+C to shut down. 
2022-07-15 17:29:54.3677|0|INFO|Microsoft.Hosting.Lifetime|Hosting environment: Development 
2022-07-15 17:29:54.3731|0|INFO|Microsoft.Hosting.Lifetime|Content root path: C:\Users\ivili\Desktop\Apps and Tests\HomeWork\MovieStub\MovieStub\MovieStub.Web 
2022-07-15 18:22:12.4599|0|DEBUG|MovieStub.Web.Program|init main 
2022-07-15 18:22:14.0641|0|INFO|Microsoft.Hosting.Lifetime|Application started. Press Ctrl+C to shut down. 
2022-07-15 18:22:14.0641|0|INFO|Microsoft.Hosting.Lifetime|Hosting environment: Development 
2022-07-15 18:22:14.0641|0|INFO|Microsoft.Hosting.Lifetime|Content root path: C:\Users\ivili\Desktop\Apps and Tests\HomeWork\MovieStub\MovieStub\MovieStub.Web 
2022-07-15 18:22:52.2198|0|INFO|MovieStub.Web.Controllers.MoviesController|User Request -> Get All Movies! 
2022-07-15 18:31:19.5115|0|INFO|MovieStub.Web.Controllers.MoviesController|User Request -> Get All Movies! 
2022-07-15 18:31:23.6020|0|INFO|MovieStub.Web.Controllers.MoviesController|User Request -> Add Movie in ShoppingCart and save changes in Db! 
2022-07-15 18:31:23.6586|0|INFO|MovieStub.Web.Controllers.MoviesController|User Request -> Get All Movies! 
2022-07-15 18:31:27.2407|0|INFO|MovieStub.Web.Controllers.MoviesController|User Request -> Add Movie in ShoppingCart and save changes in Db! 
2022-07-15 18:31:27.2693|0|INFO|MovieStub.Web.Controllers.MoviesController|User Request -> Get All Movies! 
2022-07-15 18:32:58.6440|0|INFO|MovieStub.Web.Controllers.MoviesController|User Request -> Get All Movies! 
